TN:
SF:src/modules/places/services/CreatePlaceService.ts
FN:19,CreatePlaceService
FN:24,execute
FNF:2
FNH:2
FNDA:2,CreatePlaceService
FNDA:3,execute
DA:1,1
DA:2,1
DA:3,1
DA:4,1
DA:5,1
DA:6,1
DA:7,1
DA:8,1
DA:9,1
DA:10,1
DA:11,1
DA:12,1
DA:13,1
DA:14,1
DA:15,1
DA:16,1
DA:17,1
DA:18,1
DA:19,1
DA:20,2
DA:21,2
DA:22,2
DA:23,1
DA:24,1
DA:25,3
DA:26,3
DA:27,3
DA:28,3
DA:29,3
DA:30,3
DA:31,3
DA:32,3
DA:33,3
DA:34,3
DA:35,3
DA:36,3
DA:37,3
DA:38,1
DA:39,1
DA:40,2
DA:41,2
DA:42,2
DA:43,2
DA:44,2
DA:45,2
DA:46,2
DA:47,2
DA:48,2
DA:49,2
DA:50,0
DA:51,1
DA:52,1
DA:53,1
LF:53
LH:52
BRDA:19,0,0,2
BRDA:24,1,0,3
BRDA:37,2,0,1
BRDA:40,3,0,2
BRDA:50,4,0,0
BRF:5
BRH:4
end_of_record
TN:
SF:src/modules/places/services/DeletePlaceService.ts
FN:12,DeleteProductService
FN:17,execute
FNF:2
FNH:2
FNDA:1,DeleteProductService
FNDA:1,execute
DA:1,1
DA:2,1
DA:3,1
DA:4,1
DA:5,1
DA:6,1
DA:7,1
DA:8,1
DA:9,1
DA:10,1
DA:11,1
DA:12,1
DA:13,1
DA:14,1
DA:15,1
DA:16,1
DA:17,1
DA:18,1
DA:19,1
DA:20,1
DA:21,1
DA:22,1
LF:22
LH:22
BRDA:12,0,0,1
BRDA:17,1,0,1
BRF:2
BRH:2
end_of_record
TN:
SF:src/modules/places/services/ListPlaceByIdService.ts
FN:10,ListSortedPlacesService
FN:15,execute
FNF:2
FNH:2
FNDA:2,ListSortedPlacesService
FNDA:2,execute
DA:1,1
DA:2,1
DA:3,1
DA:4,1
DA:5,1
DA:6,1
DA:7,1
DA:8,1
DA:9,1
DA:10,1
DA:11,2
DA:12,2
DA:13,2
DA:14,1
DA:15,1
DA:16,2
DA:17,2
DA:18,2
DA:19,1
DA:20,1
DA:21,1
DA:22,1
DA:23,0
DA:24,1
DA:25,1
DA:26,1
LF:26
LH:25
BRDA:10,0,0,2
BRDA:15,1,0,2
BRDA:18,2,0,1
BRDA:23,3,0,0
BRF:4
BRH:3
end_of_record
TN:
SF:src/modules/places/services/ListSortedPlacesService.ts
FN:10,ListSortedPlacesService
FN:15,execute
FNF:2
FNH:2
FNDA:2,ListSortedPlacesService
FNDA:2,execute
DA:1,1
DA:2,1
DA:3,1
DA:4,1
DA:5,1
DA:6,1
DA:7,1
DA:8,1
DA:9,1
DA:10,1
DA:11,2
DA:12,2
DA:13,2
DA:14,1
DA:15,1
DA:16,2
DA:17,2
DA:18,2
DA:19,1
DA:20,1
DA:21,1
DA:22,1
DA:23,1
DA:24,1
DA:25,6
DA:26,1
DA:27,1
DA:28,5
DA:29,6
DA:30,1
DA:31,1
DA:32,1
DA:33,0
DA:34,1
DA:35,1
DA:36,1
LF:36
LH:35
BRDA:10,0,0,2
BRDA:15,1,0,2
BRDA:18,2,0,1
BRDA:33,3,0,0
BRDA:24,4,0,6
BRDA:25,5,0,1
BRDA:28,6,0,5
BRDA:29,7,0,2
BRDA:29,8,0,3
BRF:9
BRH:8
end_of_record
TN:
SF:src/modules/places/services/UpdatePlaceService.ts
FN:16,UpdatePlaceService
FN:21,execute
FNF:2
FNH:2
FNDA:2,UpdatePlaceService
FNDA:2,execute
DA:1,1
DA:2,1
DA:3,1
DA:4,1
DA:5,1
DA:6,1
DA:7,1
DA:8,1
DA:9,1
DA:10,1
DA:11,1
DA:12,1
DA:13,1
DA:14,1
DA:15,1
DA:16,1
DA:17,2
DA:18,2
DA:19,2
DA:20,1
DA:21,1
DA:22,2
DA:23,2
DA:24,2
DA:25,1
DA:26,1
DA:27,1
DA:28,1
DA:29,1
DA:30,1
DA:31,1
DA:32,1
DA:33,1
DA:34,1
DA:35,1
DA:36,1
DA:37,0
DA:38,1
DA:39,1
DA:40,1
LF:40
LH:39
BRDA:16,0,0,2
BRDA:21,1,0,2
BRDA:24,2,0,1
BRDA:37,3,0,0
BRF:4
BRH:3
end_of_record
